{"/home/hemerson/MICROVERSE_FULLTIME_STUDENT/Capstone2/src/modules/commentCount.js": {"path":"/home/hemerson/MICROVERSE_FULLTIME_STUDENT/Capstone2/src/modules/commentCount.js","statementMap":{"0":{"start":{"line":1,"column":22},"end":{"line":1,"column":114}},"1":{"start":{"line":1,"column":37},"end":{"line":1,"column":113}}},"fnMap":{"0":{"name":"(anonymous_0)","decl":{"start":{"line":1,"column":22},"end":{"line":1,"column":23}},"loc":{"start":{"line":1,"column":37},"end":{"line":1,"column":113}},"line":1}},"branchMap":{"0":{"loc":{"start":{"line":1,"column":37},"end":{"line":1,"column":113}},"type":"cond-expr","locations":[{"start":{"line":1,"column":79},"end":{"line":1,"column":95}},{"start":{"line":1,"column":98},"end":{"line":1,"column":113}}],"line":1},"1":{"loc":{"start":{"line":1,"column":37},"end":{"line":1,"column":76}},"type":"binary-expr","locations":[{"start":{"line":1,"column":37},"end":{"line":1,"column":58}},{"start":{"line":1,"column":62},"end":{"line":1,"column":76}}],"line":1}},"s":{"0":1,"1":3},"f":{"0":3},"b":{"0":[1,2],"1":[3,2]},"_coverageSchema":"1a1c01bbd47fc00a2c39e90264f33305004495a9","hash":"d4e8f64eb1475006adc8ed0abdf6806e6a983060"}
,"/home/hemerson/MICROVERSE_FULLTIME_STUDENT/Capstone2/src/modules/itemCounter.js": {"path":"/home/hemerson/MICROVERSE_FULLTIME_STUDENT/Capstone2/src/modules/itemCounter.js","statementMap":{"0":{"start":{"line":1,"column":17},"end":{"line":1,"column":79}},"1":{"start":{"line":2,"column":16},"end":{"line":6,"column":1}},"2":{"start":{"line":3,"column":14},"end":{"line":3,"column":35}},"3":{"start":{"line":4,"column":15},"end":{"line":4,"column":31}},"4":{"start":{"line":5,"column":2},"end":{"line":5,"column":14}}},"fnMap":{"0":{"name":"(anonymous_0)","decl":{"start":{"line":2,"column":16},"end":{"line":2,"column":17}},"loc":{"start":{"line":2,"column":28},"end":{"line":6,"column":1}},"line":2}},"branchMap":{},"s":{"0":1,"1":1,"2":1,"3":1,"4":1},"f":{"0":1},"b":{},"_coverageSchema":"1a1c01bbd47fc00a2c39e90264f33305004495a9","hash":"0b8e3f2912637afb36c732ee10f15b2c0bd649aa"}
}
